765B .START phpCAS-1.3.2 ****************** [CAS.php:450]
765B .=> phpCAS::client('2.0', 'idp.test.com', 8443, 'cas', true) [frontend_helper.php:867]
765B .|    => CAS_Client::__construct('2.0', false, 'idp.test.com', 8443, 'cas', true, true) [CAS.php:347]
765B .|    <= ''
765B .<= ''
765B .=> CAS_Client::handleLogoutRequests(true, false) [CAS.php:1299]
765B .|    Not a logout request [Client.php:1471]
765B .<= ''
765B .=> phpCAS::setNoCasServerValidation() [frontend_helper.php:880]
765B .|    You have configured no validation of the legitimacy of the cas server. This is not recommended for production use. [CAS.php:1669]
765B .<= ''
765B .=> phpCAS::forceAuthentication() [frontend_helper.php:881]
765B .|    => CAS_Client::forceAuthentication() [CAS.php:1101]
765B .|    |    => CAS_Client::isAuthenticated() [Client.php:1085]
765B .|    |    |    => CAS_Client::_wasPreviouslyAuthenticated() [Client.php:1191]
765B .|    |    |    |    no user found [Client.php:1377]
765B .|    |    |    <= false
765B .|    |    |    no ticket found [Client.php:1260]
765B .|    |    <= false
765B .|    |    => CAS_Client::redirectToCas(false) [Client.php:1094]
765B .|    |    |    => CAS_Client::getServerLoginURL(false, false) [Client.php:1398]
765B .|    |    |    |    => CAS_Client::getURL() [Client.php:329]
765B .|    |    |    |    |    Final URI: http://127.0.0.1/HIT-Survey/index.php?r=survey/index/sid/136962&lang=zh-Hans&newtest=Y [Client.php:3074]
765B .|    |    |    |    <= 'http://127.0.0.1/HIT-Survey/index.php?r=survey/index/sid/136962&lang=zh-Hans&newtest=Y'
765B .|    |    |    <= 'https://idp.test.com:8443/cas/login?service=http%3A%2F%2F127.0.0.1%2FHIT-Survey%2Findex.php%3Fr%3Dsurvey%2Findex%2Fsid%2F136962%26lang%3Dzh-Hans%26newtest%3DY'
765B .|    |    |    Redirect to : https://idp.test.com:8443/cas/login?service=http%3A%2F%2F127.0.0.1%2FHIT-Survey%2Findex.php%3Fr%3Dsurvey%2Findex%2Fsid%2F136962%26lang%3Dzh-Hans%26newtest%3DY [Client.php:1404]
765B .|    |    |    exit()
765B .|    |    |    -
765B .|    |    -
765B .|    -
036E .START phpCAS-1.3.2 ****************** [CAS.php:450]
036E .=> phpCAS::client('2.0', 'ids.hit.edu.cn', 443, 'authserver', true) [frontend_helper.php:867]
036E .|    => CAS_Client::__construct('2.0', false, 'ids.hit.edu.cn', 443, 'authserver', true, true) [CAS.php:347]
036E .|    <= ''
036E .<= ''
036E .=> CAS_Client::handleLogoutRequests(true, false) [CAS.php:1299]
036E .|    Not a logout request [Client.php:1471]
036E .<= ''
036E .=> phpCAS::setNoCasServerValidation() [frontend_helper.php:880]
036E .|    You have configured no validation of the legitimacy of the cas server. This is not recommended for production use. [CAS.php:1669]
036E .<= ''
036E .=> phpCAS::forceAuthentication() [frontend_helper.php:881]
036E .|    => CAS_Client::forceAuthentication() [CAS.php:1101]
036E .|    |    => CAS_Client::isAuthenticated() [Client.php:1085]
036E .|    |    |    => CAS_Client::_wasPreviouslyAuthenticated() [Client.php:1191]
036E .|    |    |    |    no user found [Client.php:1377]
036E .|    |    |    <= false
036E .|    |    |    no ticket found [Client.php:1260]
036E .|    |    <= false
036E .|    |    => CAS_Client::redirectToCas(false) [Client.php:1094]
036E .|    |    |    => CAS_Client::getServerLoginURL(false, false) [Client.php:1398]
036E .|    |    |    |    => CAS_Client::getURL() [Client.php:329]
036E .|    |    |    |    |    Final URI: http://127.0.0.1/HIT-Survey/index.php?r=survey/index&sid=136962&lang=zh-Hans [Client.php:3074]
036E .|    |    |    |    <= 'http://127.0.0.1/HIT-Survey/index.php?r=survey/index&sid=136962&lang=zh-Hans'
036E .|    |    |    <= 'https://ids.hit.edu.cn/authserver/login?service=http%3A%2F%2F127.0.0.1%2FHIT-Survey%2Findex.php%3Fr%3Dsurvey%2Findex%26sid%3D136962%26lang%3Dzh-Hans'
036E .|    |    |    Redirect to : https://ids.hit.edu.cn/authserver/login?service=http%3A%2F%2F127.0.0.1%2FHIT-Survey%2Findex.php%3Fr%3Dsurvey%2Findex%26sid%3D136962%26lang%3Dzh-Hans [Client.php:1404]
036E .|    |    |    exit()
036E .|    |    |    -
036E .|    |    -
036E .|    -
